Job started at Thu Mar 27 20:33:37 EDT 2025
Running on node: c0703a-s7
Checking directories...
MIMIC_DIR: 10 files
OUTPUT_DIR: /home/sdavidson2/vitalschedule/value_based/processed_data
MODELS_DIR: /home/sdavidson2/vitalschedule/value_based/models
Processing patient data and core features...
Loading patients data...
Processed 364627 patients
Loading admissions data...
Processed 546028 admissions
Loading ICU stays data...
Processed 94458 ICU stays
Loading services data...
Processed 593071 service records
Creating patient cohort with utilization metrics...
Created patient cohort with 364627 patients
Patient cohort saved to /home/sdavidson2/vitalschedule/value_based/processed_data/patient_cohort.csv
Processed patients saved to /home/sdavidson2/vitalschedule/value_based/processed_data/patients_processed.csv
Processed admissions saved to /home/sdavidson2/vitalschedule/value_based/processed_data/admissions_processed.csv
Processed icustays saved to /home/sdavidson2/vitalschedule/value_based/processed_data/icustays_processed.csv
Processed services saved to /home/sdavidson2/vitalschedule/value_based/processed_data/services_processed.csv
Processing diagnosis data...
Loading diagnoses data...
Identifying chronic conditions...
Diagnoses with conditions saved to /home/sdavidson2/vitalschedule/value_based/processed_data/diagnoses_with_conditions.csv
Aggregating conditions to patient level...
Patients with conditions saved to /home/sdavidson2/vitalschedule/value_based/processed_data/patients_with_conditions.csv
Processing medication data...
Processing lab and ICU data...
Building patient complexity model...
Loading patient data files...
Building event prediction models...
Loading patient complexity data...
Pipeline completed at Thu Mar 27 21:21:42 EDT 2025
