Job started at Sat Mar 29 07:13:23 EDT 2025
Running on node: c0706a-s22
Checking directories...
MIMIC_DIR: 10 files
OUTPUT_DIR: /home/sdavidson2/vitalschedule/value_based/processed_data
MODELS_DIR: /home/sdavidson2/vitalschedule/value_based/models
Processing patient data and core features...
Loading patients data...
Processed 364627 patients
Loading admissions data...
Processed 546028 admissions
Loading ICU stays data...
Processed 94458 ICU stays
Loading services data...
Processed 593071 service records
Creating patient cohort with utilization metrics...
Created patient cohort with 364627 patients
Patient cohort saved to /home/sdavidson2/vitalschedule/value_based/processed_data/patient_cohort.csv
Processed patients saved to /home/sdavidson2/vitalschedule/value_based/processed_data/patients_processed.csv
Processed admissions saved to /home/sdavidson2/vitalschedule/value_based/processed_data/admissions_processed.csv
Processed icustays saved to /home/sdavidson2/vitalschedule/value_based/processed_data/icustays_processed.csv
Processed services saved to /home/sdavidson2/vitalschedule/value_based/processed_data/services_processed.csv
Processing diagnosis data...
Loading diagnoses data...
Identifying chronic conditions...
Diagnoses with conditions saved to /home/sdavidson2/vitalschedule/value_based/processed_data/diagnoses_with_conditions.csv
Aggregating conditions to patient level...
Patients with conditions saved to /home/sdavidson2/vitalschedule/value_based/processed_data/patients_with_conditions.csv
Processing medication data...
Loading patient cohort...
Processing prescriptions data in chunks...
Processing chunk 1...
Processing chunk 2...
Processing chunk 3...
Processing chunk 4...
Processing chunk 5...
Processing chunk 6...
Processing chunk 7...
Processing chunk 8...
Processing chunk 9...
Processing chunk 10...
Processing chunk 11...
Processing chunk 12...
Processing chunk 13...
Processing chunk 14...
Processing chunk 15...
Processing chunk 16...
Processing chunk 17...
Processing chunk 18...
Processing chunk 19...
Processing chunk 20...
Processing chunk 21...
Processing chunk 22...
Processing chunk 23...
Processing chunk 24...
Processing chunk 25...
Processing chunk 26...
Processing chunk 27...
Processing chunk 28...
Processing chunk 29...
Processing chunk 30...
Processing chunk 31...
Processing chunk 32...
Processing chunk 33...
Processing chunk 34...
Processing chunk 35...
Processing chunk 36...
Processing chunk 37...
Processing chunk 38...
Processing chunk 39...
Processing chunk 40...
Processing chunk 41...
Processing chunk 42...
Processing chunk 43...
Processing chunk 44...
Processing chunk 45...
Processing chunk 46...
Processing chunk 47...
Processing chunk 48...
Processing chunk 49...
Processing chunk 50...
Processing chunk 51...
Processing chunk 52...
Processing chunk 53...
Processing chunk 54...
Processing chunk 55...
Processing chunk 56...
Processing chunk 57...
Processing chunk 58...
Processing chunk 59...
Processing chunk 60...
Processing chunk 61...
Processing chunk 62...
Processing chunk 63...
Processing chunk 64...
Processing chunk 65...
Processing chunk 66...
Processing chunk 67...
Processing chunk 68...
Processing chunk 69...
Processing chunk 70...
Processing chunk 71...
Processing chunk 72...
Processing chunk 73...
Processing chunk 74...
Processing chunk 75...
Processing chunk 76...
Processing chunk 77...
Processing chunk 78...
Processing chunk 79...
Processing chunk 80...
Processing chunk 81...
Processing chunk 82...
Processing chunk 83...
Processing chunk 84...
Processing chunk 85...
Processing chunk 86...
Processing chunk 87...
Processing chunk 88...
Processing chunk 89...
Processing chunk 90...
Processing chunk 91...
Processing chunk 92...
Processing chunk 93...
Processing chunk 94...
Processing chunk 95...
Processing chunk 96...
Processing chunk 97...
Processing chunk 98...
Processing chunk 99...
Processing chunk 100...
Processing chunk 101...
Processing chunk 102...
Processing chunk 103...
Processing chunk 104...
Processing chunk 105...
Processing chunk 106...
Processing chunk 107...
Processing chunk 108...
Processing chunk 109...
Processing chunk 110...
Processing chunk 111...
Processing chunk 112...
Processing chunk 113...
Processing chunk 114...
Processing chunk 115...
Processing chunk 116...
Processing chunk 117...
Processing chunk 118...
Processing chunk 119...
Processing chunk 120...
Processing chunk 121...
Processing chunk 122...
Processing chunk 123...
Processing chunk 124...
Processing chunk 125...
Processing chunk 126...
Processing chunk 127...
Processing chunk 128...
Processing chunk 129...
Processing chunk 130...
Processing chunk 131...
Processing chunk 132...
Processing chunk 133...
Processing chunk 134...
Processing chunk 135...
Processing chunk 136...
Processing chunk 137...
Processing chunk 138...
Processing chunk 139...
Processing chunk 140...
Processing chunk 141...
Processing chunk 142...
Processing chunk 143...
Processing chunk 144...
Processing chunk 145...
Processing chunk 146...
Processing chunk 147...
Processing chunk 148...
Processing chunk 149...
Processing chunk 150...
Processing chunk 151...
Processing chunk 152...
Processing chunk 153...
Processing chunk 154...
Processing chunk 155...
Processing chunk 156...
Processing chunk 157...
Processing chunk 158...
Processing chunk 159...
Processing chunk 160...
Processing chunk 161...
Processing chunk 162...
Processing chunk 163...
Processing chunk 164...
Processing chunk 165...
Processing chunk 166...
Processing chunk 167...
Processing chunk 168...
Processing chunk 169...
Processing chunk 170...
Processing chunk 171...
Processing chunk 172...
Processing chunk 173...
Processing chunk 174...
Processing chunk 175...
Processing chunk 176...
Processing chunk 177...
Processing chunk 178...
Processing chunk 179...
Processing chunk 180...
Processing chunk 181...
Processing chunk 182...
Processing chunk 183...
Processing chunk 184...
Processing chunk 185...
Processing chunk 186...
Processing chunk 187...
Processing chunk 188...
Processing chunk 189...
Processing chunk 190...
Processing chunk 191...
Processing chunk 192...
Processing chunk 193...
Processing chunk 194...
Processing chunk 195...
Processing chunk 196...
Processing chunk 197...
Processing chunk 198...
Processing chunk 199...
Processing chunk 200...
Processing chunk 201...
Processing chunk 202...
Processing chunk 203...
Converting medication data to DataFrame...
Medication counts saved to /home/sdavidson2/vitalschedule/value_based/processed_data/medication_counts.csv
Merging medication data with patient cohort...
Patients with medication data saved to /home/sdavidson2/vitalschedule/value_based/processed_data/patients_with_medications.csv
Processing lab and ICU data...
Loading patient cohort...
Processing laboratory data in chunks...
Processing lab chunk 1...
Processing lab chunk 2...
Processing lab chunk 3...
Processing lab chunk 4...
Processing lab chunk 5...
Processing lab chunk 6...
Processing lab chunk 7...
Processing lab chunk 8...
Processing lab chunk 9...
Processing lab chunk 10...
Processing lab chunk 11...
Processing lab chunk 12...
Processing lab chunk 13...
Processing lab chunk 14...
Processing lab chunk 15...
Processing lab chunk 16...
Processing lab chunk 17...
Processing lab chunk 18...
Processing lab chunk 19...
Processing lab chunk 20...
Processing lab chunk 21...
Processing lab chunk 22...
Processing lab chunk 23...
Processing lab chunk 24...
Processing lab chunk 25...
Processing lab chunk 26...
Processing lab chunk 27...
Processing lab chunk 28...
Processing lab chunk 29...
Processing lab chunk 30...
Processing lab chunk 31...
Processing lab chunk 32...
Processing lab chunk 33...
Processing lab chunk 34...
Processing lab chunk 35...
Processing lab chunk 36...
Processing lab chunk 37...
Processing lab chunk 38...
Processing lab chunk 39...
Processing lab chunk 40...
Processing lab chunk 41...
Processing lab chunk 42...
Processing lab chunk 43...
Processing lab chunk 44...
Processing lab chunk 45...
Processing lab chunk 46...
Processing lab chunk 47...
Processing lab chunk 48...
Processing lab chunk 49...
Processing lab chunk 50...
Processing lab chunk 51...
Processing lab chunk 52...
Processing lab chunk 53...
Processing lab chunk 54...
Processing lab chunk 55...
Processing lab chunk 56...
Processing lab chunk 57...
Processing lab chunk 58...
Processing lab chunk 59...
Processing lab chunk 60...
Processing lab chunk 61...
Processing lab chunk 62...
Processing lab chunk 63...
Processing lab chunk 64...
Processing lab chunk 65...
Processing lab chunk 66...
Processing lab chunk 67...
Processing lab chunk 68...
Processing lab chunk 69...
Processing lab chunk 70...
Processing lab chunk 71...
Processing lab chunk 72...
Processing lab chunk 73...
Processing lab chunk 74...
Processing lab chunk 75...
Processing lab chunk 76...
Processing lab chunk 77...
Processing lab chunk 78...
Processing lab chunk 79...
Processing lab chunk 80...
Processing lab chunk 81...
Processing lab chunk 82...
Processing lab chunk 83...
Processing lab chunk 84...
Processing lab chunk 85...
Processing lab chunk 86...
Processing lab chunk 87...
Processing lab chunk 88...
Processing lab chunk 89...
Processing lab chunk 90...
Processing lab chunk 91...
Processing lab chunk 92...
Processing lab chunk 93...
Processing lab chunk 94...
Processing lab chunk 95...
Processing lab chunk 96...
Processing lab chunk 97...
Processing lab chunk 98...
Processing lab chunk 99...
Processing lab chunk 100...
Processing lab chunk 101...
Processing lab chunk 102...
Processing lab chunk 103...
Processing lab chunk 104...
Processing lab chunk 105...
Processing lab chunk 106...
Processing lab chunk 107...
Processing lab chunk 108...
Processing lab chunk 109...
Processing lab chunk 110...
Processing lab chunk 111...
Processing lab chunk 112...
Processing lab chunk 113...
Processing lab chunk 114...
Processing lab chunk 115...
Processing lab chunk 116...
Processing lab chunk 117...
Processing lab chunk 118...
Processing lab chunk 119...
Processing lab chunk 120...
Processing lab chunk 121...
Processing lab chunk 122...
Processing lab chunk 123...
Processing lab chunk 124...
Processing lab chunk 125...
Processing lab chunk 126...
Processing lab chunk 127...
Processing lab chunk 128...
Processing lab chunk 129...
Processing lab chunk 130...
Processing lab chunk 131...
Processing lab chunk 132...
Processing lab chunk 133...
Processing lab chunk 134...
Processing lab chunk 135...
Processing lab chunk 136...
Processing lab chunk 137...
Processing lab chunk 138...
Processing lab chunk 139...
Processing lab chunk 140...
Processing lab chunk 141...
Processing lab chunk 142...
Processing lab chunk 143...
Processing lab chunk 144...
Processing lab chunk 145...
Processing lab chunk 146...
Processing lab chunk 147...
Processing lab chunk 148...
Processing lab chunk 149...
Processing lab chunk 150...
Processing lab chunk 151...
Processing lab chunk 152...
Processing lab chunk 153...
Processing lab chunk 154...
Processing lab chunk 155...
Processing lab chunk 156...
Processing lab chunk 157...
Processing lab chunk 158...
Processing lab chunk 159...
Processing lab chunk 160...
Processing lab chunk 161...
Processing lab chunk 162...
Processing lab chunk 163...
Processing lab chunk 164...
Processing lab chunk 165...
Processing lab chunk 166...
Processing lab chunk 167...
Processing lab chunk 168...
Processing lab chunk 169...
Processing lab chunk 170...
Processing lab chunk 171...
Processing lab chunk 172...
Processing lab chunk 173...
Processing lab chunk 174...
Processing lab chunk 175...
Processing lab chunk 176...
Processing lab chunk 177...
Processing lab chunk 178...
Processing lab chunk 179...
Processing lab chunk 180...
Processing lab chunk 181...
Processing lab chunk 182...
Processing lab chunk 183...
Processing lab chunk 184...
Processing lab chunk 185...
Processing lab chunk 186...
Processing lab chunk 187...
Processing lab chunk 188...
Processing lab chunk 189...
Processing lab chunk 190...
Processing lab chunk 191...
Processing lab chunk 192...
Processing lab chunk 193...
Processing lab chunk 194...
Processing lab chunk 195...
Processing lab chunk 196...
Processing lab chunk 197...
Processing lab chunk 198...
Processing lab chunk 199...
Processing lab chunk 200...
Processing lab chunk 201...
Processing lab chunk 202...
Processing lab chunk 203...
Processing lab chunk 204...
Processing lab chunk 205...
Processing lab chunk 206...
Processing lab chunk 207...
Processing lab chunk 208...
Processing lab chunk 209...
Processing lab chunk 210...
Processing lab chunk 211...
Processing lab chunk 212...
Processing lab chunk 213...
Processing lab chunk 214...
Processing lab chunk 215...
Processing lab chunk 216...
Processing lab chunk 217...
Processing lab chunk 218...
Processing lab chunk 219...
Processing lab chunk 220...
Processing lab chunk 221...
Processing lab chunk 222...
Processing lab chunk 223...
Processing lab chunk 224...
Processing lab chunk 225...
Processing lab chunk 226...
Processing lab chunk 227...
Processing lab chunk 228...
Processing lab chunk 229...
Processing lab chunk 230...
Processing lab chunk 231...
Processing lab chunk 232...
Processing lab chunk 233...
Processing lab chunk 234...
Processing lab chunk 235...
Processing lab chunk 236...
Processing lab chunk 237...
Processing lab chunk 238...
Processing lab chunk 239...
Processing lab chunk 240...
Processing lab chunk 241...
Processing lab chunk 242...
Processing lab chunk 243...
Processing lab chunk 244...
Processing lab chunk 245...
Processing lab chunk 246...
Processing lab chunk 247...
Processing lab chunk 248...
Processing lab chunk 249...
Processing lab chunk 250...
Processing lab chunk 251...
Processing lab chunk 252...
Processing lab chunk 253...
Processing lab chunk 254...
Processing lab chunk 255...
Processing lab chunk 256...
Processing lab chunk 257...
Processing lab chunk 258...
Processing lab chunk 259...
Processing lab chunk 260...
Processing lab chunk 261...
Processing lab chunk 262...
Processing lab chunk 263...
Processing lab chunk 264...
Processing lab chunk 265...
Processing lab chunk 266...
Processing lab chunk 267...
Processing lab chunk 268...
Processing lab chunk 269...
Processing lab chunk 270...
Processing lab chunk 271...
Processing lab chunk 272...
Processing lab chunk 273...
Processing lab chunk 274...
Processing lab chunk 275...
Processing lab chunk 276...
Processing lab chunk 277...
Processing lab chunk 278...
Processing lab chunk 279...
Processing lab chunk 280...
Processing lab chunk 281...
Processing lab chunk 282...
Processing lab chunk 283...
Processing lab chunk 284...
Processing lab chunk 285...
Processing lab chunk 286...
Processing lab chunk 287...
Processing lab chunk 288...
Processing lab chunk 289...
Processing lab chunk 290...
Processing lab chunk 291...
Processing lab chunk 292...
Processing lab chunk 293...
Processing lab chunk 294...
Processing lab chunk 295...
Processing lab chunk 296...
Processing lab chunk 297...
Processing lab chunk 298...
Processing lab chunk 299...
Processing lab chunk 300...
Processing lab chunk 301...
Processing lab chunk 302...
Processing lab chunk 303...
Processing lab chunk 304...
Processing lab chunk 305...
Processing lab chunk 306...
Processing lab chunk 307...
Processing lab chunk 308...
Processing lab chunk 309...
Processing lab chunk 310...
Processing lab chunk 311...
Processing lab chunk 312...
Processing lab chunk 313...
Processing lab chunk 314...
Processing lab chunk 315...
Processing lab chunk 316...
Processing lab chunk 317...
Processing lab chunk 318...
Processing lab chunk 319...
Processing lab chunk 320...
Processing lab chunk 321...
Processing lab chunk 322...
Processing lab chunk 323...
Processing lab chunk 324...
Processing lab chunk 325...
Processing lab chunk 326...
Processing lab chunk 327...
Processing lab chunk 328...
Processing lab chunk 329...
Processing lab chunk 330...
Processing lab chunk 331...
Processing lab chunk 332...
Processing lab chunk 333...
Processing lab chunk 334...
Processing lab chunk 335...
Processing lab chunk 336...
Processing lab chunk 337...
Processing lab chunk 338...
Processing lab chunk 339...
Processing lab chunk 340...
Processing lab chunk 341...
Processing lab chunk 342...
Processing lab chunk 343...
Processing lab chunk 344...
Processing lab chunk 345...
Processing lab chunk 346...
Processing lab chunk 347...
Processing lab chunk 348...
Processing lab chunk 349...
Processing lab chunk 350...
Processing lab chunk 351...
Processing lab chunk 352...
Processing lab chunk 353...
Processing lab chunk 354...
Processing lab chunk 355...
Processing lab chunk 356...
Processing lab chunk 357...
Processing lab chunk 358...
Processing lab chunk 359...
Processing lab chunk 360...
Processing lab chunk 361...
Processing lab chunk 362...
Processing lab chunk 363...
Processing lab chunk 364...
Processing lab chunk 365...
Processing lab chunk 366...
Processing lab chunk 367...
Processing lab chunk 368...
Processing lab chunk 369...
Processing lab chunk 370...
Processing lab chunk 371...
Processing lab chunk 372...
Processing lab chunk 373...
Processing lab chunk 374...
Processing lab chunk 375...
Processing lab chunk 376...
Processing lab chunk 377...
Processing lab chunk 378...
Processing lab chunk 379...
Processing lab chunk 380...
Processing lab chunk 381...
Processing lab chunk 382...
Processing lab chunk 383...
Processing lab chunk 384...
Processing lab chunk 385...
Processing lab chunk 386...
Processing lab chunk 387...
Processing lab chunk 388...
Processing lab chunk 389...
Processing lab chunk 390...
Processing lab chunk 391...
Processing lab chunk 392...
Processing lab chunk 393...
Processing lab chunk 394...
Processing lab chunk 395...
Processing lab chunk 396...
Processing lab chunk 397...
Processing lab chunk 398...
Processing lab chunk 399...
Processing lab chunk 400...
Processing lab chunk 401...
Processing lab chunk 402...
Processing lab chunk 403...
Processing lab chunk 404...
Processing lab chunk 405...
Processing lab chunk 406...
Processing lab chunk 407...
Processing lab chunk 408...
Processing lab chunk 409...
Processing lab chunk 410...
Processing lab chunk 411...
Processing lab chunk 412...
Processing lab chunk 413...
Processing lab chunk 414...
Processing lab chunk 415...
Processing lab chunk 416...
Processing lab chunk 417...
Processing lab chunk 418...
Processing lab chunk 419...
Processing lab chunk 420...
Processing lab chunk 421...
Processing lab chunk 422...
Processing lab chunk 423...
Processing lab chunk 424...
Processing lab chunk 425...
Processing lab chunk 426...
Processing lab chunk 427...
Processing lab chunk 428...
Processing lab chunk 429...
Processing lab chunk 430...
Processing lab chunk 431...
Processing lab chunk 432...
Processing lab chunk 433...
Processing lab chunk 434...
Processing lab chunk 435...
Processing lab chunk 436...
Processing lab chunk 437...
Processing lab chunk 438...
Processing lab chunk 439...
Processing lab chunk 440...
Processing lab chunk 441...
Processing lab chunk 442...
Processing lab chunk 443...
Processing lab chunk 444...
Processing lab chunk 445...
Processing lab chunk 446...
Processing lab chunk 447...
Processing lab chunk 448...
Processing lab chunk 449...
Processing lab chunk 450...
Processing lab chunk 451...
Processing lab chunk 452...
Processing lab chunk 453...
Processing lab chunk 454...
Processing lab chunk 455...
Processing lab chunk 456...
Processing lab chunk 457...
Processing lab chunk 458...
Processing lab chunk 459...
Processing lab chunk 460...
Processing lab chunk 461...
Processing lab chunk 462...
Processing lab chunk 463...
Processing lab chunk 464...
Processing lab chunk 465...
Processing lab chunk 466...
Processing lab chunk 467...
Processing lab chunk 468...
Processing lab chunk 469...
Processing lab chunk 470...
Processing lab chunk 471...
Processing lab chunk 472...
Processing lab chunk 473...
Processing lab chunk 474...
Processing lab chunk 475...
Processing lab chunk 476...
Processing lab chunk 477...
Processing lab chunk 478...
Processing lab chunk 479...
Processing lab chunk 480...
Processing lab chunk 481...
Processing lab chunk 482...
Processing lab chunk 483...
Processing lab chunk 484...
Processing lab chunk 485...
Processing lab chunk 486...
Processing lab chunk 487...
Processing lab chunk 488...
Processing lab chunk 489...
Processing lab chunk 490...
Processing lab chunk 491...
Processing lab chunk 492...
Processing lab chunk 493...
Processing lab chunk 494...
Processing lab chunk 495...
Processing lab chunk 496...
Processing lab chunk 497...
Processing lab chunk 498...
Processing lab chunk 499...
Processing lab chunk 500...
Processing lab chunk 501...
Processing lab chunk 502...
Processing lab chunk 503...
Processing lab chunk 504...
Processing lab chunk 505...
Processing lab chunk 506...
Processing lab chunk 507...
Processing lab chunk 508...
Processing lab chunk 509...
Processing lab chunk 510...
Processing lab chunk 511...
Processing lab chunk 512...
Processing lab chunk 513...
Processing lab chunk 514...
Processing lab chunk 515...
Processing lab chunk 516...
Processing lab chunk 517...
Processing lab chunk 518...
Processing lab chunk 519...
Processing lab chunk 520...
Processing lab chunk 521...
Processing lab chunk 522...
Processing lab chunk 523...
Processing lab chunk 524...
Processing lab chunk 525...
Processing lab chunk 526...
Processing lab chunk 527...
Processing lab chunk 528...
Processing lab chunk 529...
Processing lab chunk 530...
Processing lab chunk 531...
Processing lab chunk 532...
Processing lab chunk 533...
Processing lab chunk 534...
Processing lab chunk 535...
Processing lab chunk 536...
Processing lab chunk 537...
Processing lab chunk 538...
Processing lab chunk 539...
Processing lab chunk 540...
Processing lab chunk 541...
Processing lab chunk 542...
Processing lab chunk 543...
Processing lab chunk 544...
Processing lab chunk 545...
Processing lab chunk 546...
Processing lab chunk 547...
Processing lab chunk 548...
Processing lab chunk 549...
Processing lab chunk 550...
Processing lab chunk 551...
Processing lab chunk 552...
Processing lab chunk 553...
Processing lab chunk 554...
Processing lab chunk 555...
Processing lab chunk 556...
Processing lab chunk 557...
Processing lab chunk 558...
Processing lab chunk 559...
Processing lab chunk 560...
Processing lab chunk 561...
Processing lab chunk 562...
Processing lab chunk 563...
Processing lab chunk 564...
Processing lab chunk 565...
Processing lab chunk 566...
Processing lab chunk 567...
Processing lab chunk 568...
Processing lab chunk 569...
Processing lab chunk 570...
Processing lab chunk 571...
Processing lab chunk 572...
Processing lab chunk 573...
Processing lab chunk 574...
Processing lab chunk 575...
Processing lab chunk 576...
Processing lab chunk 577...
Processing lab chunk 578...
Processing lab chunk 579...
Processing lab chunk 580...
Processing lab chunk 581...
Processing lab chunk 582...
Processing lab chunk 583...
Processing lab chunk 584...
Processing lab chunk 585...
Processing lab chunk 586...
Processing lab chunk 587...
Processing lab chunk 588...
Processing lab chunk 589...
Processing lab chunk 590...
Processing lab chunk 591...
Processing lab chunk 592...
Processing lab chunk 593...
Processing lab chunk 594...
Processing lab chunk 595...
Processing lab chunk 596...
Processing lab chunk 597...
Processing lab chunk 598...
Processing lab chunk 599...
Processing lab chunk 600...
Processing lab chunk 601...
Processing lab chunk 602...
Processing lab chunk 603...
Processing lab chunk 604...
Processing lab chunk 605...
Processing lab chunk 606...
Processing lab chunk 607...
Processing lab chunk 608...
Processing lab chunk 609...
Processing lab chunk 610...
Processing lab chunk 611...
Processing lab chunk 612...
Processing lab chunk 613...
Processing lab chunk 614...
Processing lab chunk 615...
Processing lab chunk 616...
Processing lab chunk 617...
Processing lab chunk 618...
Processing lab chunk 619...
Processing lab chunk 620...
Processing lab chunk 621...
Processing lab chunk 622...
Processing lab chunk 623...
Processing lab chunk 624...
Processing lab chunk 625...
Processing lab chunk 626...
Processing lab chunk 627...
Processing lab chunk 628...
Processing lab chunk 629...
Processing lab chunk 630...
Processing lab chunk 631...
Processing lab chunk 632...
Processing lab chunk 633...
Processing lab chunk 634...
Processing lab chunk 635...
Processing lab chunk 636...
Processing lab chunk 637...
Processing lab chunk 638...
Processing lab chunk 639...
Processing lab chunk 640...
Processing lab chunk 641...
Processing lab chunk 642...
Processing lab chunk 643...
Processing lab chunk 644...
Processing lab chunk 645...
Processing lab chunk 646...
Processing lab chunk 647...
Processing lab chunk 648...
Processing lab chunk 649...
Processing lab chunk 650...
Processing lab chunk 651...
Processing lab chunk 652...
Processing lab chunk 653...
Processing lab chunk 654...
Processing lab chunk 655...
Processing lab chunk 656...
Processing lab chunk 657...
Processing lab chunk 658...
Processing lab chunk 659...
Processing lab chunk 660...
Processing lab chunk 661...
Processing lab chunk 662...
Processing lab chunk 663...
Processing lab chunk 664...
Processing lab chunk 665...
Processing lab chunk 666...
Processing lab chunk 667...
Processing lab chunk 668...
Processing lab chunk 669...
Processing lab chunk 670...
Processing lab chunk 671...
Processing lab chunk 672...
Processing lab chunk 673...
Processing lab chunk 674...
Processing lab chunk 675...
Processing lab chunk 676...
Processing lab chunk 677...
Processing lab chunk 678...
Processing lab chunk 679...
Processing lab chunk 680...
Processing lab chunk 681...
Processing lab chunk 682...
Processing lab chunk 683...
Processing lab chunk 684...
Processing lab chunk 685...
Processing lab chunk 686...
Processing lab chunk 687...
Processing lab chunk 688...
Processing lab chunk 689...
Processing lab chunk 690...
Processing lab chunk 691...
Processing lab chunk 692...
Processing lab chunk 693...
Processing lab chunk 694...
Processing lab chunk 695...
Processing lab chunk 696...
Processing lab chunk 697...
Processing lab chunk 698...
Processing lab chunk 699...
Processing lab chunk 700...
Processing lab chunk 701...
Processing lab chunk 702...
Processing lab chunk 703...
Processing lab chunk 704...
Processing lab chunk 705...
Processing lab chunk 706...
Processing lab chunk 707...
Processing lab chunk 708...
Processing lab chunk 709...
Processing lab chunk 710...
Processing lab chunk 711...
Processing lab chunk 712...
Processing lab chunk 713...
Processing lab chunk 714...
Processing lab chunk 715...
Processing lab chunk 716...
Processing lab chunk 717...
Processing lab chunk 718...
Processing lab chunk 719...
Processing lab chunk 720...
Processing lab chunk 721...
Processing lab chunk 722...
Processing lab chunk 723...
Processing lab chunk 724...
Processing lab chunk 725...
Processing lab chunk 726...
Processing lab chunk 727...
Processing lab chunk 728...
Processing lab chunk 729...
Processing lab chunk 730...
Processing lab chunk 731...
Processing lab chunk 732...
Processing lab chunk 733...
Processing lab chunk 734...
Processing lab chunk 735...
Processing lab chunk 736...
Processing lab chunk 737...
Processing lab chunk 738...
Processing lab chunk 739...
Processing lab chunk 740...
Processing lab chunk 741...
Processing lab chunk 742...
Processing lab chunk 743...
Processing lab chunk 744...
Processing lab chunk 745...
Processing lab chunk 746...
Processing lab chunk 747...
Processing lab chunk 748...
Processing lab chunk 749...
Processing lab chunk 750...
Processing lab chunk 751...
Processing lab chunk 752...
Processing lab chunk 753...
Processing lab chunk 754...
Processing lab chunk 755...
Processing lab chunk 756...
Processing lab chunk 757...
Processing lab chunk 758...
Processing lab chunk 759...
Processing lab chunk 760...
Processing lab chunk 761...
Processing lab chunk 762...
Processing lab chunk 763...
Processing lab chunk 764...
Processing lab chunk 765...
Processing lab chunk 766...
Processing lab chunk 767...
Processing lab chunk 768...
Processing lab chunk 769...
Processing lab chunk 770...
Processing lab chunk 771...
Processing lab chunk 772...
Processing lab chunk 773...
Processing lab chunk 774...
Processing lab chunk 775...
Processing lab chunk 776...
Processing lab chunk 777...
Processing lab chunk 778...
Processing lab chunk 779...
Processing lab chunk 780...
Processing lab chunk 781...
Processing lab chunk 782...
Processing lab chunk 783...
Processing lab chunk 784...
Processing lab chunk 785...
Processing lab chunk 786...
Processing lab chunk 787...
Processing lab chunk 788...
Processing lab chunk 789...
Processing lab chunk 790...
Processing lab chunk 791...
Processing lab chunk 792...
Processing lab chunk 793...
Processing lab chunk 794...
Processing lab chunk 795...
Processing lab chunk 796...
Processing lab chunk 797...
Processing lab chunk 798...
Processing lab chunk 799...
Processing lab chunk 800...
Processing lab chunk 801...
Processing lab chunk 802...
Processing lab chunk 803...
Processing lab chunk 804...
Processing lab chunk 805...
Processing lab chunk 806...
Processing lab chunk 807...
Processing lab chunk 808...
Processing lab chunk 809...
Processing lab chunk 810...
Processing lab chunk 811...
Processing lab chunk 812...
Processing lab chunk 813...
Processing lab chunk 814...
Processing lab chunk 815...
Processing lab chunk 816...
Processing lab chunk 817...
Processing lab chunk 818...
Processing lab chunk 819...
Processing lab chunk 820...
Processing lab chunk 821...
Processing lab chunk 822...
Processing lab chunk 823...
Processing lab chunk 824...
Processing lab chunk 825...
Processing lab chunk 826...
Processing lab chunk 827...
Processing lab chunk 828...
Processing lab chunk 829...
Processing lab chunk 830...
Processing lab chunk 831...
Processing lab chunk 832...
Processing lab chunk 833...
Processing lab chunk 834...
Processing lab chunk 835...
Processing lab chunk 836...
Processing lab chunk 837...
Processing lab chunk 838...
Processing lab chunk 839...
Processing lab chunk 840...
Processing lab chunk 841...
Processing lab chunk 842...
Processing lab chunk 843...
Processing lab chunk 844...
Processing lab chunk 845...
Processing lab chunk 846...
Processing lab chunk 847...
Processing lab chunk 848...
Processing lab chunk 849...
Processing lab chunk 850...
Processing lab chunk 851...
Processing lab chunk 852...
Processing lab chunk 853...
Processing lab chunk 854...
Processing lab chunk 855...
Processing lab chunk 856...
Processing lab chunk 857...
Processing lab chunk 858...
Processing lab chunk 859...
Processing lab chunk 860...
Processing lab chunk 861...
Processing lab chunk 862...
Processing lab chunk 863...
Processing lab chunk 864...
Processing lab chunk 865...
Processing lab chunk 866...
Processing lab chunk 867...
Processing lab chunk 868...
Processing lab chunk 869...
Processing lab chunk 870...
Processing lab chunk 871...
Processing lab chunk 872...
Processing lab chunk 873...
Processing lab chunk 874...
Processing lab chunk 875...
Processing lab chunk 876...
Processing lab chunk 877...
Processing lab chunk 878...
Processing lab chunk 879...
Processing lab chunk 880...
Processing lab chunk 881...
Processing lab chunk 882...
Processing lab chunk 883...
Processing lab chunk 884...
Processing lab chunk 885...
Processing lab chunk 886...
Processing lab chunk 887...
Processing lab chunk 888...
Processing lab chunk 889...
Processing lab chunk 890...
Processing lab chunk 891...
Processing lab chunk 892...
Processing lab chunk 893...
Processing lab chunk 894...
Processing lab chunk 895...
Processing lab chunk 896...
Processing lab chunk 897...
Processing lab chunk 898...
Processing lab chunk 899...
Processing lab chunk 900...
Processing lab chunk 901...
Processing lab chunk 902...
Processing lab chunk 903...
Processing lab chunk 904...
Processing lab chunk 905...
Processing lab chunk 906...
Processing lab chunk 907...
Processing lab chunk 908...
Processing lab chunk 909...
Processing lab chunk 910...
Processing lab chunk 911...
Processing lab chunk 912...
Processing lab chunk 913...
Processing lab chunk 914...
Processing lab chunk 915...
Processing lab chunk 916...
Processing lab chunk 917...
Processing lab chunk 918...
Processing lab chunk 919...
Processing lab chunk 920...
Processing lab chunk 921...
Processing lab chunk 922...
Processing lab chunk 923...
Processing lab chunk 924...
Processing lab chunk 925...
Processing lab chunk 926...
Processing lab chunk 927...
Processing lab chunk 928...
Processing lab chunk 929...
Processing lab chunk 930...
Processing lab chunk 931...
Processing lab chunk 932...
Processing lab chunk 933...
Processing lab chunk 934...
Processing lab chunk 935...
Processing lab chunk 936...
Processing lab chunk 937...
Processing lab chunk 938...
Processing lab chunk 939...
Processing lab chunk 940...
Processing lab chunk 941...
Processing lab chunk 942...
Processing lab chunk 943...
Processing lab chunk 944...
Processing lab chunk 945...
Processing lab chunk 946...
Processing lab chunk 947...
Processing lab chunk 948...
Processing lab chunk 949...
Processing lab chunk 950...
Processing lab chunk 951...
Processing lab chunk 952...
Processing lab chunk 953...
Processing lab chunk 954...
Processing lab chunk 955...
Processing lab chunk 956...
Processing lab chunk 957...
Processing lab chunk 958...
Processing lab chunk 959...
Processing lab chunk 960...
Processing lab chunk 961...
Processing lab chunk 962...
Processing lab chunk 963...
Processing lab chunk 964...
Processing lab chunk 965...
Processing lab chunk 966...
Processing lab chunk 967...
Processing lab chunk 968...
Processing lab chunk 969...
Processing lab chunk 970...
Processing lab chunk 971...
Processing lab chunk 972...
Processing lab chunk 973...
Processing lab chunk 974...
Processing lab chunk 975...
Processing lab chunk 976...
Processing lab chunk 977...
Processing lab chunk 978...
Processing lab chunk 979...
Processing lab chunk 980...
Processing lab chunk 981...
Processing lab chunk 982...
Processing lab chunk 983...
Processing lab chunk 984...
Processing lab chunk 985...
Processing lab chunk 986...
Processing lab chunk 987...
Processing lab chunk 988...
Processing lab chunk 989...
Processing lab chunk 990...
Processing lab chunk 991...
Processing lab chunk 992...
Processing lab chunk 993...
Processing lab chunk 994...
Processing lab chunk 995...
Processing lab chunk 996...
Processing lab chunk 997...
Processing lab chunk 998...
Processing lab chunk 999...
Processing lab chunk 1000...
Processing lab chunk 1001...
Processing lab chunk 1002...
Processing lab chunk 1003...
Processing lab chunk 1004...
Processing lab chunk 1005...
Processing lab chunk 1006...
Processing lab chunk 1007...
Processing lab chunk 1008...
Processing lab chunk 1009...
Processing lab chunk 1010...
Processing lab chunk 1011...
Processing lab chunk 1012...
Processing lab chunk 1013...
Processing lab chunk 1014...
Processing lab chunk 1015...
Processing lab chunk 1016...
Processing lab chunk 1017...
Processing lab chunk 1018...
Processing lab chunk 1019...
Processing lab chunk 1020...
Processing lab chunk 1021...
Processing lab chunk 1022...
Processing lab chunk 1023...
Processing lab chunk 1024...
Processing lab chunk 1025...
Processing lab chunk 1026...
Processing lab chunk 1027...
Processing lab chunk 1028...
Processing lab chunk 1029...
Processing lab chunk 1030...
Processing lab chunk 1031...
Processing lab chunk 1032...
Processing lab chunk 1033...
Processing lab chunk 1034...
Processing lab chunk 1035...
Processing lab chunk 1036...
Processing lab chunk 1037...
Processing lab chunk 1038...
Processing lab chunk 1039...
Processing lab chunk 1040...
Processing lab chunk 1041...
Processing lab chunk 1042...
Processing lab chunk 1043...
Processing lab chunk 1044...
Processing lab chunk 1045...
Processing lab chunk 1046...
Processing lab chunk 1047...
Processing lab chunk 1048...
Processing lab chunk 1049...
Processing lab chunk 1050...
Processing lab chunk 1051...
Processing lab chunk 1052...
Processing lab chunk 1053...
Processing lab chunk 1054...
Processing lab chunk 1055...
Processing lab chunk 1056...
Processing lab chunk 1057...
Processing lab chunk 1058...
Processing lab chunk 1059...
Processing lab chunk 1060...
Processing lab chunk 1061...
Processing lab chunk 1062...
Processing lab chunk 1063...
Processing lab chunk 1064...
Processing lab chunk 1065...
Processing lab chunk 1066...
Processing lab chunk 1067...
Processing lab chunk 1068...
Processing lab chunk 1069...
Processing lab chunk 1070...
Processing lab chunk 1071...
Processing lab chunk 1072...
Processing lab chunk 1073...
Processing lab chunk 1074...
Processing lab chunk 1075...
Processing lab chunk 1076...
Processing lab chunk 1077...
Processing lab chunk 1078...
Processing lab chunk 1079...
Processing lab chunk 1080...
Processing lab chunk 1081...
Processing lab chunk 1082...
Processing lab chunk 1083...
Processing lab chunk 1084...
Processing lab chunk 1085...
Processing lab chunk 1086...
Processing lab chunk 1087...
Processing lab chunk 1088...
Processing lab chunk 1089...
Processing lab chunk 1090...
Processing lab chunk 1091...
Processing lab chunk 1092...
Processing lab chunk 1093...
Processing lab chunk 1094...
Processing lab chunk 1095...
Processing lab chunk 1096...
Processing lab chunk 1097...
Processing lab chunk 1098...
Processing lab chunk 1099...
Processing lab chunk 1100...
Processing lab chunk 1101...
Processing lab chunk 1102...
Processing lab chunk 1103...
Processing lab chunk 1104...
Processing lab chunk 1105...
Processing lab chunk 1106...
Processing lab chunk 1107...
Processing lab chunk 1108...
Processing lab chunk 1109...
Processing lab chunk 1110...
Processing lab chunk 1111...
Processing lab chunk 1112...
Processing lab chunk 1113...
Processing lab chunk 1114...
Processing lab chunk 1115...
Processing lab chunk 1116...
Processing lab chunk 1117...
Processing lab chunk 1118...
Processing lab chunk 1119...
Processing lab chunk 1120...
Processing lab chunk 1121...
Processing lab chunk 1122...
Processing lab chunk 1123...
Processing lab chunk 1124...
Processing lab chunk 1125...
Processing lab chunk 1126...
Processing lab chunk 1127...
Processing lab chunk 1128...
Processing lab chunk 1129...
Processing lab chunk 1130...
Processing lab chunk 1131...
Processing lab chunk 1132...
Processing lab chunk 1133...
Processing lab chunk 1134...
Processing lab chunk 1135...
Processing lab chunk 1136...
Processing lab chunk 1137...
Processing lab chunk 1138...
Processing lab chunk 1139...
Processing lab chunk 1140...
Processing lab chunk 1141...
Processing lab chunk 1142...
Processing lab chunk 1143...
Processing lab chunk 1144...
Processing lab chunk 1145...
Processing lab chunk 1146...
Processing lab chunk 1147...
Processing lab chunk 1148...
Processing lab chunk 1149...
Processing lab chunk 1150...
Processing lab chunk 1151...
Processing lab chunk 1152...
Processing lab chunk 1153...
Processing lab chunk 1154...
Processing lab chunk 1155...
Processing lab chunk 1156...
Processing lab chunk 1157...
Processing lab chunk 1158...
Processing lab chunk 1159...
Processing lab chunk 1160...
Processing lab chunk 1161...
Processing lab chunk 1162...
Processing lab chunk 1163...
Processing lab chunk 1164...
Processing lab chunk 1165...
Processing lab chunk 1166...
Processing lab chunk 1167...
Processing lab chunk 1168...
Processing lab chunk 1169...
Processing lab chunk 1170...
Processing lab chunk 1171...
Processing lab chunk 1172...
Processing lab chunk 1173...
Processing lab chunk 1174...
Processing lab chunk 1175...
Processing lab chunk 1176...
Processing lab chunk 1177...
Processing lab chunk 1178...
Processing lab chunk 1179...
Processing lab chunk 1180...
Processing lab chunk 1181...
Processing lab chunk 1182...
Processing lab chunk 1183...
Processing lab chunk 1184...
Processing lab chunk 1185...
Processing lab chunk 1186...
Processing lab chunk 1187...
Processing lab chunk 1188...
Processing lab chunk 1189...
Processing lab chunk 1190...
Processing lab chunk 1191...
Processing lab chunk 1192...
Processing lab chunk 1193...
Processing lab chunk 1194...
Processing lab chunk 1195...
Processing lab chunk 1196...
Processing lab chunk 1197...
Processing lab chunk 1198...
Processing lab chunk 1199...
Processing lab chunk 1200...
Processing lab chunk 1201...
Processing lab chunk 1202...
Processing lab chunk 1203...
Processing lab chunk 1204...
Processing lab chunk 1205...
Processing lab chunk 1206...
Processing lab chunk 1207...
Processing lab chunk 1208...
Processing lab chunk 1209...
Processing lab chunk 1210...
Processing lab chunk 1211...
Processing lab chunk 1212...
Processing lab chunk 1213...
Processing lab chunk 1214...
Processing lab chunk 1215...
Processing lab chunk 1216...
Processing lab chunk 1217...
Processing lab chunk 1218...
Processing lab chunk 1219...
Processing lab chunk 1220...
Processing lab chunk 1221...
Processing lab chunk 1222...
Processing lab chunk 1223...
Processing lab chunk 1224...
Processing lab chunk 1225...
Processing lab chunk 1226...
Processing lab chunk 1227...
Processing lab chunk 1228...
Processing lab chunk 1229...
Processing lab chunk 1230...
Processing lab chunk 1231...
Processing lab chunk 1232...
Processing lab chunk 1233...
Processing lab chunk 1234...
Processing lab chunk 1235...
Processing lab chunk 1236...
Processing lab chunk 1237...
Processing lab chunk 1238...
Processing lab chunk 1239...
Processing lab chunk 1240...
Processing lab chunk 1241...
Processing lab chunk 1242...
Processing lab chunk 1243...
Processing lab chunk 1244...
Processing lab chunk 1245...
Processing lab chunk 1246...
Processing lab chunk 1247...
Processing lab chunk 1248...
Processing lab chunk 1249...
Processing lab chunk 1250...
Processing lab chunk 1251...
Processing lab chunk 1252...
Processing lab chunk 1253...
Processing lab chunk 1254...
Processing lab chunk 1255...
Processing lab chunk 1256...
Processing lab chunk 1257...
Processing lab chunk 1258...
Processing lab chunk 1259...
Processing lab chunk 1260...
Processing lab chunk 1261...
Processing lab chunk 1262...
Processing lab chunk 1263...
Processing lab chunk 1264...
Processing lab chunk 1265...
Processing lab chunk 1266...
Processing lab chunk 1267...
Processing lab chunk 1268...
Processing lab chunk 1269...
Processing lab chunk 1270...
Processing lab chunk 1271...
Processing lab chunk 1272...
Processing lab chunk 1273...
Processing lab chunk 1274...
Processing lab chunk 1275...
Processing lab chunk 1276...
Processing lab chunk 1277...
Processing lab chunk 1278...
Processing lab chunk 1279...
Processing lab chunk 1280...
Processing lab chunk 1281...
Processing lab chunk 1282...
Processing lab chunk 1283...
Processing lab chunk 1284...
Processing lab chunk 1285...
Processing lab chunk 1286...
Processing lab chunk 1287...
Processing lab chunk 1288...
Processing lab chunk 1289...
Processing lab chunk 1290...
Processing lab chunk 1291...
Processing lab chunk 1292...
Processing lab chunk 1293...
Processing lab chunk 1294...
Processing lab chunk 1295...
Processing lab chunk 1296...
Processing lab chunk 1297...
Processing lab chunk 1298...
Processing lab chunk 1299...
Processing lab chunk 1300...
Processing lab chunk 1301...
Processing lab chunk 1302...
Processing lab chunk 1303...
Processing lab chunk 1304...
Processing lab chunk 1305...
Processing lab chunk 1306...
Processing lab chunk 1307...
Processing lab chunk 1308...
Processing lab chunk 1309...
Processing lab chunk 1310...
Processing lab chunk 1311...
Processing lab chunk 1312...
Processing lab chunk 1313...
Processing lab chunk 1314...
Processing lab chunk 1315...
Processing lab chunk 1316...
Processing lab chunk 1317...
Processing lab chunk 1318...
Processing lab chunk 1319...
Processing lab chunk 1320...
Processing lab chunk 1321...
Processing lab chunk 1322...
Processing lab chunk 1323...
Processing lab chunk 1324...
Processing lab chunk 1325...
Processing lab chunk 1326...
Processing lab chunk 1327...
Processing lab chunk 1328...
Processing lab chunk 1329...
Processing lab chunk 1330...
Processing lab chunk 1331...
Processing lab chunk 1332...
Processing lab chunk 1333...
Processing lab chunk 1334...
Processing lab chunk 1335...
Processing lab chunk 1336...
Processing lab chunk 1337...
Processing lab chunk 1338...
Processing lab chunk 1339...
Processing lab chunk 1340...
Processing lab chunk 1341...
Processing lab chunk 1342...
Processing lab chunk 1343...
Processing lab chunk 1344...
Processing lab chunk 1345...
Processing lab chunk 1346...
Processing lab chunk 1347...
Processing lab chunk 1348...
Processing lab chunk 1349...
Processing lab chunk 1350...
Processing lab chunk 1351...
Processing lab chunk 1352...
Processing lab chunk 1353...
Processing lab chunk 1354...
Processing lab chunk 1355...
Processing lab chunk 1356...
Processing lab chunk 1357...
Processing lab chunk 1358...
Processing lab chunk 1359...
Processing lab chunk 1360...
Processing lab chunk 1361...
Processing lab chunk 1362...
Processing lab chunk 1363...
Processing lab chunk 1364...
Processing lab chunk 1365...
Processing lab chunk 1366...
Processing lab chunk 1367...
Processing lab chunk 1368...
Processing lab chunk 1369...
Processing lab chunk 1370...
Processing lab chunk 1371...
Processing lab chunk 1372...
Processing lab chunk 1373...
Processing lab chunk 1374...
Processing lab chunk 1375...
Processing lab chunk 1376...
Processing lab chunk 1377...
Processing lab chunk 1378...
Processing lab chunk 1379...
Processing lab chunk 1380...
Processing lab chunk 1381...
Processing lab chunk 1382...
Processing lab chunk 1383...
Processing lab chunk 1384...
Processing lab chunk 1385...
Processing lab chunk 1386...
Processing lab chunk 1387...
Processing lab chunk 1388...
Processing lab chunk 1389...
Processing lab chunk 1390...
Processing lab chunk 1391...
Processing lab chunk 1392...
Processing lab chunk 1393...
Processing lab chunk 1394...
Processing lab chunk 1395...
Processing lab chunk 1396...
Processing lab chunk 1397...
Processing lab chunk 1398...
Processing lab chunk 1399...
Processing lab chunk 1400...
Processing lab chunk 1401...
Processing lab chunk 1402...
Processing lab chunk 1403...
Processing lab chunk 1404...
Processing lab chunk 1405...
Processing lab chunk 1406...
Processing lab chunk 1407...
Processing lab chunk 1408...
Processing lab chunk 1409...
Processing lab chunk 1410...
Processing lab chunk 1411...
Processing lab chunk 1412...
Processing lab chunk 1413...
Processing lab chunk 1414...
Processing lab chunk 1415...
Processing lab chunk 1416...
Processing lab chunk 1417...
Processing lab chunk 1418...
Processing lab chunk 1419...
Processing lab chunk 1420...
Processing lab chunk 1421...
Processing lab chunk 1422...
Processing lab chunk 1423...
Processing lab chunk 1424...
Processing lab chunk 1425...
Processing lab chunk 1426...
Processing lab chunk 1427...
Processing lab chunk 1428...
Processing lab chunk 1429...
Processing lab chunk 1430...
Processing lab chunk 1431...
Processing lab chunk 1432...
Processing lab chunk 1433...
Processing lab chunk 1434...
Processing lab chunk 1435...
Processing lab chunk 1436...
Processing lab chunk 1437...
Processing lab chunk 1438...
Processing lab chunk 1439...
Processing lab chunk 1440...
Processing lab chunk 1441...
Processing lab chunk 1442...
Processing lab chunk 1443...
Processing lab chunk 1444...
Processing lab chunk 1445...
Processing lab chunk 1446...
Processing lab chunk 1447...
Processing lab chunk 1448...
Processing lab chunk 1449...
Processing lab chunk 1450...
Processing lab chunk 1451...
Processing lab chunk 1452...
Processing lab chunk 1453...
Processing lab chunk 1454...
Processing lab chunk 1455...
Processing lab chunk 1456...
Processing lab chunk 1457...
Processing lab chunk 1458...
Processing lab chunk 1459...
Processing lab chunk 1460...
Processing lab chunk 1461...
Processing lab chunk 1462...
Processing lab chunk 1463...
Processing lab chunk 1464...
Processing lab chunk 1465...
Processing lab chunk 1466...
Processing lab chunk 1467...
Processing lab chunk 1468...
Processing lab chunk 1469...
Processing lab chunk 1470...
Processing lab chunk 1471...
Processing lab chunk 1472...
Processing lab chunk 1473...
Processing lab chunk 1474...
Processing lab chunk 1475...
Processing lab chunk 1476...
Processing lab chunk 1477...
Processing lab chunk 1478...
Processing lab chunk 1479...
Processing lab chunk 1480...
Processing lab chunk 1481...
Processing lab chunk 1482...
Processing lab chunk 1483...
Processing lab chunk 1484...
Processing lab chunk 1485...
Processing lab chunk 1486...
Processing lab chunk 1487...
Processing lab chunk 1488...
Processing lab chunk 1489...
Processing lab chunk 1490...
Processing lab chunk 1491...
Processing lab chunk 1492...
Processing lab chunk 1493...
Processing lab chunk 1494...
Processing lab chunk 1495...
Processing lab chunk 1496...
Processing lab chunk 1497...
Processing lab chunk 1498...
Processing lab chunk 1499...
Processing lab chunk 1500...
Processing lab chunk 1501...
Processing lab chunk 1502...
Processing lab chunk 1503...
Processing lab chunk 1504...
Processing lab chunk 1505...
Processing lab chunk 1506...
Processing lab chunk 1507...
Processing lab chunk 1508...
Processing lab chunk 1509...
Processing lab chunk 1510...
Processing lab chunk 1511...
Processing lab chunk 1512...
Processing lab chunk 1513...
Processing lab chunk 1514...
Processing lab chunk 1515...
Processing lab chunk 1516...
Processing lab chunk 1517...
Processing lab chunk 1518...
Processing lab chunk 1519...
Processing lab chunk 1520...
Processing lab chunk 1521...
Processing lab chunk 1522...
Processing lab chunk 1523...
Processing lab chunk 1524...
Processing lab chunk 1525...
Processing lab chunk 1526...
Processing lab chunk 1527...
Processing lab chunk 1528...
Processing lab chunk 1529...
Processing lab chunk 1530...
Processing lab chunk 1531...
Processing lab chunk 1532...
Processing lab chunk 1533...
Processing lab chunk 1534...
Processing lab chunk 1535...
Processing lab chunk 1536...
Processing lab chunk 1537...
Processing lab chunk 1538...
Processing lab chunk 1539...
Processing lab chunk 1540...
Processing lab chunk 1541...
Processing lab chunk 1542...
Processing lab chunk 1543...
Processing lab chunk 1544...
Processing lab chunk 1545...
Processing lab chunk 1546...
Processing lab chunk 1547...
Processing lab chunk 1548...
Processing lab chunk 1549...
Processing lab chunk 1550...
Processing lab chunk 1551...
Processing lab chunk 1552...
Processing lab chunk 1553...
Processing lab chunk 1554...
Processing lab chunk 1555...
Processing lab chunk 1556...
Processing lab chunk 1557...
Processing lab chunk 1558...
Processing lab chunk 1559...
Processing lab chunk 1560...
Processing lab chunk 1561...
Processing lab chunk 1562...
Processing lab chunk 1563...
Processing lab chunk 1564...
Processing lab chunk 1565...
Processing lab chunk 1566...
Processing lab chunk 1567...
Processing lab chunk 1568...
Processing lab chunk 1569...
Processing lab chunk 1570...
Processing lab chunk 1571...
Processing lab chunk 1572...
Processing lab chunk 1573...
Processing lab chunk 1574...
Processing lab chunk 1575...
Processing lab chunk 1576...
Processing lab chunk 1577...
Processing lab chunk 1578...
Processing lab chunk 1579...
Processing lab chunk 1580...
Processing lab chunk 1581...
Processing lab chunk 1582...
Processing lab chunk 1583...
Processing lab chunk 1584...
Processing ICU data...
Merging clinical data with patient cohort...
Patients with clinical data saved to /home/sdavidson2/vitalschedule/value_based/processed_data/patients_with_clinical.csv
Building patient complexity model...
Loading patient data files...
Creating patient complexity score...
Patients with complexity score saved to /home/sdavidson2/vitalschedule/value_based/models/patients_with_complexity.csv
Building readmission prediction model...
Readmission Model ROC-AUC: 1.000
Readmission Model PR-AUC: 1.000
Readmission model saved to /home/sdavidson2/vitalschedule/value_based/models/readmission_model.joblib
Feature importance saved to /home/sdavidson2/vitalschedule/value_based/models/feature_importance.csv
Model metrics saved to /home/sdavidson2/vitalschedule/value_based/models/model_metrics.csv
Building event prediction models...
Loading patient complexity data...
Pipeline completed at Sat Mar 29 08:07:47 EDT 2025
