/tmp/slurmd/job62957158/slurm_script: line 20: /home/sdavidson2/vitalschedule/bin/activate: No such file or directory
/home/sdavidson2/vitalschedule/value_based/scripts/./process_clinical_data.py:56: DtypeWarning: Columns (5) have mixed types. Specify dtype option on import or set low_memory=False.
  for i, chunk in enumerate(chunk_iterator):
/home/sdavidson2/vitalschedule/value_based/scripts/./process_clinical_data.py:56: DtypeWarning: Columns (5) have mixed types. Specify dtype option on import or set low_memory=False.
  for i, chunk in enumerate(chunk_iterator):
/home/sdavidson2/vitalschedule/value_based/scripts/./process_clinical_data.py:56: DtypeWarning: Columns (5) have mixed types. Specify dtype option on import or set low_memory=False.
  for i, chunk in enumerate(chunk_iterator):
/home/sdavidson2/vitalschedule/value_based/scripts/./process_clinical_data.py:56: DtypeWarning: Columns (5) have mixed types. Specify dtype option on import or set low_memory=False.
  for i, chunk in enumerate(chunk_iterator):
/home/sdavidson2/vitalschedule/value_based/scripts/./process_clinical_data.py:56: DtypeWarning: Columns (5) have mixed types. Specify dtype option on import or set low_memory=False.
  for i, chunk in enumerate(chunk_iterator):
/home/sdavidson2/vitalschedule/value_based/scripts/./process_clinical_data.py:56: DtypeWarning: Columns (5) have mixed types. Specify dtype option on import or set low_memory=False.
  for i, chunk in enumerate(chunk_iterator):
/home/sdavidson2/vitalschedule/value_based/scripts/./process_clinical_data.py:56: DtypeWarning: Columns (5) have mixed types. Specify dtype option on import or set low_memory=False.
  for i, chunk in enumerate(chunk_iterator):
/home/sdavidson2/vitalschedule/value_based/scripts/./process_clinical_data.py:56: DtypeWarning: Columns (5) have mixed types. Specify dtype option on import or set low_memory=False.
  for i, chunk in enumerate(chunk_iterator):
/home/sdavidson2/vitalschedule/value_based/scripts/./process_clinical_data.py:56: DtypeWarning: Columns (5) have mixed types. Specify dtype option on import or set low_memory=False.
  for i, chunk in enumerate(chunk_iterator):
/home/sdavidson2/vitalschedule/value_based/scripts/./process_clinical_data.py:56: DtypeWarning: Columns (5) have mixed types. Specify dtype option on import or set low_memory=False.
  for i, chunk in enumerate(chunk_iterator):
/home/sdavidson2/vitalschedule/value_based/scripts/./process_clinical_data.py:56: DtypeWarning: Columns (5) have mixed types. Specify dtype option on import or set low_memory=False.
  for i, chunk in enumerate(chunk_iterator):
/home/sdavidson2/vitalschedule/value_based/scripts/./process_clinical_data.py:56: DtypeWarning: Columns (5) have mixed types. Specify dtype option on import or set low_memory=False.
  for i, chunk in enumerate(chunk_iterator):
/home/sdavidson2/vitalschedule/value_based/scripts/./process_clinical_data.py:56: DtypeWarning: Columns (5) have mixed types. Specify dtype option on import or set low_memory=False.
  for i, chunk in enumerate(chunk_iterator):
/home/sdavidson2/vitalschedule/value_based/scripts/./process_clinical_data.py:56: DtypeWarning: Columns (5) have mixed types. Specify dtype option on import or set low_memory=False.
  for i, chunk in enumerate(chunk_iterator):
/home/sdavidson2/vitalschedule/value_based/scripts/./process_clinical_data.py:56: DtypeWarning: Columns (5) have mixed types. Specify dtype option on import or set low_memory=False.
  for i, chunk in enumerate(chunk_iterator):
/home/sdavidson2/vitalschedule/value_based/scripts/./process_clinical_data.py:56: DtypeWarning: Columns (5) have mixed types. Specify dtype option on import or set low_memory=False.
  for i, chunk in enumerate(chunk_iterator):
/home/sdavidson2/vitalschedule/value_based/scripts/./process_clinical_data.py:56: DtypeWarning: Columns (5) have mixed types. Specify dtype option on import or set low_memory=False.
  for i, chunk in enumerate(chunk_iterator):
/home/sdavidson2/vitalschedule/value_based/scripts/./process_clinical_data.py:56: DtypeWarning: Columns (5) have mixed types. Specify dtype option on import or set low_memory=False.
  for i, chunk in enumerate(chunk_iterator):
/home/sdavidson2/vitalschedule/value_based/scripts/./process_clinical_data.py:56: DtypeWarning: Columns (5) have mixed types. Specify dtype option on import or set low_memory=False.
  for i, chunk in enumerate(chunk_iterator):
/home/sdavidson2/vitalschedule/value_based/scripts/./process_clinical_data.py:56: DtypeWarning: Columns (5) have mixed types. Specify dtype option on import or set low_memory=False.
  for i, chunk in enumerate(chunk_iterator):
/home/sdavidson2/vitalschedule/value_based/scripts/./process_clinical_data.py:56: DtypeWarning: Columns (5) have mixed types. Specify dtype option on import or set low_memory=False.
  for i, chunk in enumerate(chunk_iterator):
/home/sdavidson2/vitalschedule/value_based/scripts/./process_clinical_data.py:56: DtypeWarning: Columns (5) have mixed types. Specify dtype option on import or set low_memory=False.
  for i, chunk in enumerate(chunk_iterator):
/home/sdavidson2/vitalschedule/value_based/scripts/./process_clinical_data.py:56: DtypeWarning: Columns (5) have mixed types. Specify dtype option on import or set low_memory=False.
  for i, chunk in enumerate(chunk_iterator):
/home/sdavidson2/vitalschedule/value_based/scripts/./process_clinical_data.py:56: DtypeWarning: Columns (5) have mixed types. Specify dtype option on import or set low_memory=False.
  for i, chunk in enumerate(chunk_iterator):
/home/sdavidson2/vitalschedule/value_based/scripts/./process_clinical_data.py:56: DtypeWarning: Columns (5) have mixed types. Specify dtype option on import or set low_memory=False.
  for i, chunk in enumerate(chunk_iterator):
/home/sdavidson2/vitalschedule/value_based/scripts/./process_clinical_data.py:56: DtypeWarning: Columns (5) have mixed types. Specify dtype option on import or set low_memory=False.
  for i, chunk in enumerate(chunk_iterator):
/home/sdavidson2/vitalschedule/value_based/scripts/./process_clinical_data.py:56: DtypeWarning: Columns (5) have mixed types. Specify dtype option on import or set low_memory=False.
  for i, chunk in enumerate(chunk_iterator):
/home/sdavidson2/vitalschedule/value_based/scripts/./process_clinical_data.py:56: DtypeWarning: Columns (5) have mixed types. Specify dtype option on import or set low_memory=False.
  for i, chunk in enumerate(chunk_iterator):
/home/sdavidson2/vitalschedule/value_based/scripts/./process_clinical_data.py:56: DtypeWarning: Columns (5) have mixed types. Specify dtype option on import or set low_memory=False.
  for i, chunk in enumerate(chunk_iterator):
/home/sdavidson2/vitalschedule/value_based/scripts/./process_clinical_data.py:56: DtypeWarning: Columns (5) have mixed types. Specify dtype option on import or set low_memory=False.
  for i, chunk in enumerate(chunk_iterator):
/home/sdavidson2/vitalschedule/value_based/scripts/./process_clinical_data.py:56: DtypeWarning: Columns (5) have mixed types. Specify dtype option on import or set low_memory=False.
  for i, chunk in enumerate(chunk_iterator):
/home/sdavidson2/vitalschedule/value_based/scripts/./process_clinical_data.py:56: DtypeWarning: Columns (5) have mixed types. Specify dtype option on import or set low_memory=False.
  for i, chunk in enumerate(chunk_iterator):
/home/sdavidson2/vitalschedule/value_based/scripts/./process_clinical_data.py:56: DtypeWarning: Columns (5) have mixed types. Specify dtype option on import or set low_memory=False.
  for i, chunk in enumerate(chunk_iterator):
/home/sdavidson2/vitalschedule/value_based/scripts/./process_clinical_data.py:56: DtypeWarning: Columns (5) have mixed types. Specify dtype option on import or set low_memory=False.
  for i, chunk in enumerate(chunk_iterator):
/home/sdavidson2/vitalschedule/value_based/scripts/./process_clinical_data.py:56: DtypeWarning: Columns (5) have mixed types. Specify dtype option on import or set low_memory=False.
  for i, chunk in enumerate(chunk_iterator):
/home/sdavidson2/vitalschedule/value_based/scripts/./process_clinical_data.py:56: DtypeWarning: Columns (5) have mixed types. Specify dtype option on import or set low_memory=False.
  for i, chunk in enumerate(chunk_iterator):
/home/sdavidson2/vitalschedule/value_based/scripts/./process_clinical_data.py:56: DtypeWarning: Columns (5) have mixed types. Specify dtype option on import or set low_memory=False.
  for i, chunk in enumerate(chunk_iterator):
/home/sdavidson2/vitalschedule/value_based/scripts/./process_clinical_data.py:56: DtypeWarning: Columns (5) have mixed types. Specify dtype option on import or set low_memory=False.
  for i, chunk in enumerate(chunk_iterator):
/home/sdavidson2/vitalschedule/value_based/scripts/./process_clinical_data.py:56: DtypeWarning: Columns (5) have mixed types. Specify dtype option on import or set low_memory=False.
  for i, chunk in enumerate(chunk_iterator):
/home/sdavidson2/vitalschedule/value_based/scripts/./process_clinical_data.py:56: DtypeWarning: Columns (5) have mixed types. Specify dtype option on import or set low_memory=False.
  for i, chunk in enumerate(chunk_iterator):
/home/sdavidson2/vitalschedule/value_based/scripts/./process_clinical_data.py:56: DtypeWarning: Columns (5) have mixed types. Specify dtype option on import or set low_memory=False.
  for i, chunk in enumerate(chunk_iterator):
/home/sdavidson2/vitalschedule/value_based/scripts/./process_clinical_data.py:56: DtypeWarning: Columns (5) have mixed types. Specify dtype option on import or set low_memory=False.
  for i, chunk in enumerate(chunk_iterator):
/home/sdavidson2/vitalschedule/value_based/scripts/./process_clinical_data.py:56: DtypeWarning: Columns (5) have mixed types. Specify dtype option on import or set low_memory=False.
  for i, chunk in enumerate(chunk_iterator):
/home/sdavidson2/vitalschedule/value_based/scripts/./process_clinical_data.py:56: DtypeWarning: Columns (5) have mixed types. Specify dtype option on import or set low_memory=False.
  for i, chunk in enumerate(chunk_iterator):
/home/sdavidson2/vitalschedule/value_based/scripts/./process_clinical_data.py:56: DtypeWarning: Columns (5) have mixed types. Specify dtype option on import or set low_memory=False.
  for i, chunk in enumerate(chunk_iterator):
/home/sdavidson2/vitalschedule/value_based/scripts/./process_clinical_data.py:56: DtypeWarning: Columns (5) have mixed types. Specify dtype option on import or set low_memory=False.
  for i, chunk in enumerate(chunk_iterator):
/home/sdavidson2/vitalschedule/value_based/scripts/./process_clinical_data.py:56: DtypeWarning: Columns (5) have mixed types. Specify dtype option on import or set low_memory=False.
  for i, chunk in enumerate(chunk_iterator):
/home/sdavidson2/vitalschedule/value_based/scripts/./process_clinical_data.py:56: DtypeWarning: Columns (5) have mixed types. Specify dtype option on import or set low_memory=False.
  for i, chunk in enumerate(chunk_iterator):
/home/sdavidson2/vitalschedule/value_based/scripts/./process_clinical_data.py:56: DtypeWarning: Columns (5) have mixed types. Specify dtype option on import or set low_memory=False.
  for i, chunk in enumerate(chunk_iterator):
/home/sdavidson2/vitalschedule/value_based/scripts/./process_clinical_data.py:56: DtypeWarning: Columns (5) have mixed types. Specify dtype option on import or set low_memory=False.
  for i, chunk in enumerate(chunk_iterator):
/home/sdavidson2/vitalschedule/value_based/scripts/./process_clinical_data.py:56: DtypeWarning: Columns (5) have mixed types. Specify dtype option on import or set low_memory=False.
  for i, chunk in enumerate(chunk_iterator):
/home/sdavidson2/vitalschedule/value_based/scripts/./process_clinical_data.py:56: DtypeWarning: Columns (5) have mixed types. Specify dtype option on import or set low_memory=False.
  for i, chunk in enumerate(chunk_iterator):
/home/sdavidson2/vitalschedule/value_based/scripts/./process_clinical_data.py:56: DtypeWarning: Columns (5) have mixed types. Specify dtype option on import or set low_memory=False.
  for i, chunk in enumerate(chunk_iterator):
/home/sdavidson2/vitalschedule/value_based/scripts/./process_clinical_data.py:56: DtypeWarning: Columns (5) have mixed types. Specify dtype option on import or set low_memory=False.
  for i, chunk in enumerate(chunk_iterator):
/home/sdavidson2/vitalschedule/value_based/scripts/./process_clinical_data.py:56: DtypeWarning: Columns (5) have mixed types. Specify dtype option on import or set low_memory=False.
  for i, chunk in enumerate(chunk_iterator):
/home/sdavidson2/vitalschedule/value_based/scripts/./process_clinical_data.py:56: DtypeWarning: Columns (5) have mixed types. Specify dtype option on import or set low_memory=False.
  for i, chunk in enumerate(chunk_iterator):
/home/sdavidson2/vitalschedule/value_based/scripts/./process_clinical_data.py:56: DtypeWarning: Columns (5) have mixed types. Specify dtype option on import or set low_memory=False.
  for i, chunk in enumerate(chunk_iterator):
/home/sdavidson2/vitalschedule/value_based/scripts/./process_clinical_data.py:56: DtypeWarning: Columns (5) have mixed types. Specify dtype option on import or set low_memory=False.
  for i, chunk in enumerate(chunk_iterator):
/home/sdavidson2/vitalschedule/value_based/scripts/./process_clinical_data.py:56: DtypeWarning: Columns (5) have mixed types. Specify dtype option on import or set low_memory=False.
  for i, chunk in enumerate(chunk_iterator):
/home/sdavidson2/vitalschedule/value_based/scripts/./process_clinical_data.py:56: DtypeWarning: Columns (5) have mixed types. Specify dtype option on import or set low_memory=False.
  for i, chunk in enumerate(chunk_iterator):
/home/sdavidson2/vitalschedule/value_based/scripts/./process_clinical_data.py:56: DtypeWarning: Columns (5) have mixed types. Specify dtype option on import or set low_memory=False.
  for i, chunk in enumerate(chunk_iterator):
/home/sdavidson2/vitalschedule/value_based/scripts/./process_clinical_data.py:56: DtypeWarning: Columns (5) have mixed types. Specify dtype option on import or set low_memory=False.
  for i, chunk in enumerate(chunk_iterator):
/home/sdavidson2/vitalschedule/value_based/scripts/./process_clinical_data.py:56: DtypeWarning: Columns (5) have mixed types. Specify dtype option on import or set low_memory=False.
  for i, chunk in enumerate(chunk_iterator):
/home/sdavidson2/vitalschedule/value_based/scripts/./process_clinical_data.py:56: DtypeWarning: Columns (5) have mixed types. Specify dtype option on import or set low_memory=False.
  for i, chunk in enumerate(chunk_iterator):
/home/sdavidson2/vitalschedule/value_based/scripts/./process_clinical_data.py:56: DtypeWarning: Columns (5) have mixed types. Specify dtype option on import or set low_memory=False.
  for i, chunk in enumerate(chunk_iterator):
/home/sdavidson2/vitalschedule/value_based/scripts/./process_clinical_data.py:56: DtypeWarning: Columns (5) have mixed types. Specify dtype option on import or set low_memory=False.
  for i, chunk in enumerate(chunk_iterator):
/home/sdavidson2/vitalschedule/value_based/scripts/./process_clinical_data.py:56: DtypeWarning: Columns (5) have mixed types. Specify dtype option on import or set low_memory=False.
  for i, chunk in enumerate(chunk_iterator):
/home/sdavidson2/vitalschedule/value_based/scripts/./process_clinical_data.py:56: DtypeWarning: Columns (5) have mixed types. Specify dtype option on import or set low_memory=False.
  for i, chunk in enumerate(chunk_iterator):
/home/sdavidson2/vitalschedule/value_based/scripts/./process_clinical_data.py:56: DtypeWarning: Columns (5) have mixed types. Specify dtype option on import or set low_memory=False.
  for i, chunk in enumerate(chunk_iterator):
/home/sdavidson2/vitalschedule/value_based/scripts/./process_clinical_data.py:56: DtypeWarning: Columns (5) have mixed types. Specify dtype option on import or set low_memory=False.
  for i, chunk in enumerate(chunk_iterator):
/home/sdavidson2/vitalschedule/value_based/scripts/./process_clinical_data.py:56: DtypeWarning: Columns (5) have mixed types. Specify dtype option on import or set low_memory=False.
  for i, chunk in enumerate(chunk_iterator):
/home/sdavidson2/vitalschedule/value_based/scripts/./process_clinical_data.py:56: DtypeWarning: Columns (5) have mixed types. Specify dtype option on import or set low_memory=False.
  for i, chunk in enumerate(chunk_iterator):
/home/sdavidson2/vitalschedule/value_based/scripts/./process_clinical_data.py:56: DtypeWarning: Columns (5) have mixed types. Specify dtype option on import or set low_memory=False.
  for i, chunk in enumerate(chunk_iterator):
/home/sdavidson2/vitalschedule/value_based/scripts/./process_clinical_data.py:56: DtypeWarning: Columns (5) have mixed types. Specify dtype option on import or set low_memory=False.
  for i, chunk in enumerate(chunk_iterator):
/home/sdavidson2/vitalschedule/value_based/scripts/./process_clinical_data.py:56: DtypeWarning: Columns (5) have mixed types. Specify dtype option on import or set low_memory=False.
  for i, chunk in enumerate(chunk_iterator):
/home/sdavidson2/vitalschedule/value_based/scripts/./process_clinical_data.py:56: DtypeWarning: Columns (5) have mixed types. Specify dtype option on import or set low_memory=False.
  for i, chunk in enumerate(chunk_iterator):
/home/sdavidson2/vitalschedule/value_based/scripts/./process_clinical_data.py:56: DtypeWarning: Columns (5) have mixed types. Specify dtype option on import or set low_memory=False.
  for i, chunk in enumerate(chunk_iterator):
/home/sdavidson2/vitalschedule/value_based/scripts/./process_clinical_data.py:56: DtypeWarning: Columns (5) have mixed types. Specify dtype option on import or set low_memory=False.
  for i, chunk in enumerate(chunk_iterator):
/home/sdavidson2/vitalschedule/value_based/scripts/./process_clinical_data.py:56: DtypeWarning: Columns (5) have mixed types. Specify dtype option on import or set low_memory=False.
  for i, chunk in enumerate(chunk_iterator):
/home/sdavidson2/vitalschedule/value_based/scripts/./process_clinical_data.py:56: DtypeWarning: Columns (5) have mixed types. Specify dtype option on import or set low_memory=False.
  for i, chunk in enumerate(chunk_iterator):
/home/sdavidson2/vitalschedule/value_based/scripts/./process_clinical_data.py:56: DtypeWarning: Columns (5) have mixed types. Specify dtype option on import or set low_memory=False.
  for i, chunk in enumerate(chunk_iterator):
/home/sdavidson2/vitalschedule/value_based/scripts/./process_clinical_data.py:56: DtypeWarning: Columns (5) have mixed types. Specify dtype option on import or set low_memory=False.
  for i, chunk in enumerate(chunk_iterator):
/home/sdavidson2/vitalschedule/value_based/scripts/./process_clinical_data.py:56: DtypeWarning: Columns (5) have mixed types. Specify dtype option on import or set low_memory=False.
  for i, chunk in enumerate(chunk_iterator):
/home/sdavidson2/vitalschedule/value_based/scripts/./process_clinical_data.py:56: DtypeWarning: Columns (5) have mixed types. Specify dtype option on import or set low_memory=False.
  for i, chunk in enumerate(chunk_iterator):
/home/sdavidson2/vitalschedule/value_based/scripts/./process_clinical_data.py:56: DtypeWarning: Columns (5) have mixed types. Specify dtype option on import or set low_memory=False.
  for i, chunk in enumerate(chunk_iterator):
/home/sdavidson2/vitalschedule/value_based/scripts/./process_clinical_data.py:56: DtypeWarning: Columns (5) have mixed types. Specify dtype option on import or set low_memory=False.
  for i, chunk in enumerate(chunk_iterator):
/home/sdavidson2/vitalschedule/value_based/scripts/./process_clinical_data.py:56: DtypeWarning: Columns (5) have mixed types. Specify dtype option on import or set low_memory=False.
  for i, chunk in enumerate(chunk_iterator):
/home/sdavidson2/vitalschedule/value_based/scripts/./process_clinical_data.py:56: DtypeWarning: Columns (5) have mixed types. Specify dtype option on import or set low_memory=False.
  for i, chunk in enumerate(chunk_iterator):
/home/sdavidson2/vitalschedule/value_based/scripts/./process_clinical_data.py:56: DtypeWarning: Columns (5) have mixed types. Specify dtype option on import or set low_memory=False.
  for i, chunk in enumerate(chunk_iterator):
/home/sdavidson2/vitalschedule/value_based/scripts/./process_clinical_data.py:56: DtypeWarning: Columns (5) have mixed types. Specify dtype option on import or set low_memory=False.
  for i, chunk in enumerate(chunk_iterator):
/home/sdavidson2/vitalschedule/value_based/scripts/./process_clinical_data.py:56: DtypeWarning: Columns (5) have mixed types. Specify dtype option on import or set low_memory=False.
  for i, chunk in enumerate(chunk_iterator):
/home/sdavidson2/vitalschedule/value_based/scripts/./process_clinical_data.py:56: DtypeWarning: Columns (5) have mixed types. Specify dtype option on import or set low_memory=False.
  for i, chunk in enumerate(chunk_iterator):
/home/sdavidson2/vitalschedule/value_based/scripts/./process_clinical_data.py:56: DtypeWarning: Columns (5) have mixed types. Specify dtype option on import or set low_memory=False.
  for i, chunk in enumerate(chunk_iterator):
/home/sdavidson2/vitalschedule/value_based/scripts/./process_clinical_data.py:56: DtypeWarning: Columns (5) have mixed types. Specify dtype option on import or set low_memory=False.
  for i, chunk in enumerate(chunk_iterator):
/home/sdavidson2/vitalschedule/value_based/scripts/./process_clinical_data.py:56: DtypeWarning: Columns (5) have mixed types. Specify dtype option on import or set low_memory=False.
  for i, chunk in enumerate(chunk_iterator):
/home/sdavidson2/vitalschedule/value_based/scripts/./process_clinical_data.py:56: DtypeWarning: Columns (5) have mixed types. Specify dtype option on import or set low_memory=False.
  for i, chunk in enumerate(chunk_iterator):
/home/sdavidson2/vitalschedule/value_based/scripts/./process_clinical_data.py:56: DtypeWarning: Columns (5) have mixed types. Specify dtype option on import or set low_memory=False.
  for i, chunk in enumerate(chunk_iterator):
/home/sdavidson2/vitalschedule/value_based/scripts/./process_clinical_data.py:56: DtypeWarning: Columns (5) have mixed types. Specify dtype option on import or set low_memory=False.
  for i, chunk in enumerate(chunk_iterator):
/home/sdavidson2/vitalschedule/value_based/scripts/./process_clinical_data.py:56: DtypeWarning: Columns (5) have mixed types. Specify dtype option on import or set low_memory=False.
  for i, chunk in enumerate(chunk_iterator):
/home/sdavidson2/vitalschedule/value_based/scripts/./process_clinical_data.py:56: DtypeWarning: Columns (5) have mixed types. Specify dtype option on import or set low_memory=False.
  for i, chunk in enumerate(chunk_iterator):
/home/sdavidson2/vitalschedule/value_based/scripts/./process_clinical_data.py:56: DtypeWarning: Columns (5) have mixed types. Specify dtype option on import or set low_memory=False.
  for i, chunk in enumerate(chunk_iterator):
/home/sdavidson2/vitalschedule/value_based/scripts/./process_clinical_data.py:56: DtypeWarning: Columns (5) have mixed types. Specify dtype option on import or set low_memory=False.
  for i, chunk in enumerate(chunk_iterator):
/home/sdavidson2/vitalschedule/value_based/scripts/./process_clinical_data.py:56: DtypeWarning: Columns (5) have mixed types. Specify dtype option on import or set low_memory=False.
  for i, chunk in enumerate(chunk_iterator):
/home/sdavidson2/vitalschedule/value_based/scripts/./process_clinical_data.py:56: DtypeWarning: Columns (5) have mixed types. Specify dtype option on import or set low_memory=False.
  for i, chunk in enumerate(chunk_iterator):
/home/sdavidson2/vitalschedule/value_based/scripts/./process_clinical_data.py:56: DtypeWarning: Columns (5) have mixed types. Specify dtype option on import or set low_memory=False.
  for i, chunk in enumerate(chunk_iterator):
/home/sdavidson2/vitalschedule/value_based/scripts/./process_clinical_data.py:56: DtypeWarning: Columns (5) have mixed types. Specify dtype option on import or set low_memory=False.
  for i, chunk in enumerate(chunk_iterator):
/home/sdavidson2/vitalschedule/value_based/scripts/./process_clinical_data.py:56: DtypeWarning: Columns (5) have mixed types. Specify dtype option on import or set low_memory=False.
  for i, chunk in enumerate(chunk_iterator):
/home/sdavidson2/vitalschedule/value_based/scripts/./process_clinical_data.py:56: DtypeWarning: Columns (5) have mixed types. Specify dtype option on import or set low_memory=False.
  for i, chunk in enumerate(chunk_iterator):
/home/sdavidson2/vitalschedule/value_based/scripts/./process_clinical_data.py:56: DtypeWarning: Columns (5) have mixed types. Specify dtype option on import or set low_memory=False.
  for i, chunk in enumerate(chunk_iterator):
/home/sdavidson2/vitalschedule/value_based/scripts/./process_clinical_data.py:56: DtypeWarning: Columns (5) have mixed types. Specify dtype option on import or set low_memory=False.
  for i, chunk in enumerate(chunk_iterator):
/home/sdavidson2/vitalschedule/value_based/scripts/./process_clinical_data.py:56: DtypeWarning: Columns (5) have mixed types. Specify dtype option on import or set low_memory=False.
  for i, chunk in enumerate(chunk_iterator):
/home/sdavidson2/vitalschedule/value_based/scripts/./process_clinical_data.py:56: DtypeWarning: Columns (5) have mixed types. Specify dtype option on import or set low_memory=False.
  for i, chunk in enumerate(chunk_iterator):
/home/sdavidson2/vitalschedule/value_based/scripts/./process_clinical_data.py:56: DtypeWarning: Columns (5) have mixed types. Specify dtype option on import or set low_memory=False.
  for i, chunk in enumerate(chunk_iterator):
Traceback (most recent call last):
  File "/home/sdavidson2/vitalschedule/value_based/scripts/./build_prediction_models.py", line 240, in <module>
    main()
  File "/home/sdavidson2/vitalschedule/value_based/scripts/./build_prediction_models.py", line 229, in main
    patient_data = load_complexity_data(args.data_dir)
  File "/home/sdavidson2/vitalschedule/value_based/scripts/./build_prediction_models.py", line 24, in load_complexity_data
    complexity_data = pd.read_csv(complexity_path)
  File "/apps/python/3.10/lib/python3.10/site-packages/pandas/io/parsers/readers.py", line 912, in read_csv
    return _read(filepath_or_buffer, kwds)
  File "/apps/python/3.10/lib/python3.10/site-packages/pandas/io/parsers/readers.py", line 577, in _read
    parser = TextFileReader(filepath_or_buffer, **kwds)
  File "/apps/python/3.10/lib/python3.10/site-packages/pandas/io/parsers/readers.py", line 1407, in __init__
    self._engine = self._make_engine(f, self.engine)
  File "/apps/python/3.10/lib/python3.10/site-packages/pandas/io/parsers/readers.py", line 1661, in _make_engine
    self.handles = get_handle(
  File "/apps/python/3.10/lib/python3.10/site-packages/pandas/io/common.py", line 859, in get_handle
    handle = open(
FileNotFoundError: [Errno 2] No such file or directory: '/home/sdavidson2/vitalschedule/value_based/processed_data/patients_with_complexity.csv'
